<?xml version="1.0" encoding="UTF-8"?>
<!-- Generated by org.testng.reporters.JUnitReportReporter -->
<testsuite hostname="LAPTOP-4ESBI8TK" failures="0" tests="9" name="org.execute.TestingClass" time="18.424" errors="0" timestamp="15 Mar 2024 04:51:57 GMT" skipped="0">
  <testcase classname="org.execute.TestingClass" name="tc07" time="0.015"/>
  <testcase classname="org.execute.TestingClass" name="tc02" time="4.095"/>
  <testcase classname="org.execute.TestingClass" name="tc01" time="3.941"/>
  <testcase classname="org.execute.TestingClass" name="tc05" time="7.470"/>
  <testcase classname="org.execute.TestingClass" name="tc04" time="0.391"/>
  <testcase classname="org.execute.TestingClass" name="tc03" time="2.487"/>
  <testcase classname="org.execute.TestingClass" name="tc06" time="0.006"/>
  <testcase classname="org.execute.TestingClass" name="tc08" time="0.012"/>
  <testcase classname="org.execute.TestingClass" name="tc09" time="0.007"/>
</testsuite> <!-- org.execute.TestingClass -->
